 ======================================================================
                       Training process started.                       
 ======================================================================
                                                                       
                          2020-12-11  23:18:22                         
                                                                       
 
 Copyright (C) 2015-2018 Nongnuch Artrith and Alexander Urban
 
 This program is distributed in the hope that it will be useful, but
 WITHOUT ANY WARRANTY; without even the implied warranty of
 MERCHANTABILITY or FITNESS FOR A PARTICULAR PURPOSE.  See the
 Mozilla Public License, v. 2.0, for more details.
 
 ----------------------------------------------------------------------
                              Parallel run                             
 ----------------------------------------------------------------------
 
 Number of processes : 24
 
 ----------------------------------------------------------------------
                                Networks                               
 ----------------------------------------------------------------------
 
 Creating a new O network
 
 Number of layers :   4
 
 Number of nodes (without bias) 
 and activation type per layer :
 
       1 :    60
       2 :    30  hyperbolic tangent (tanh)
       3 :    30  hyperbolic tangent (tanh)
       4 :     1  linear function (linear)
 
 Required memory (words) :     480643 (   3755.02 KB)
 
 Total number of weights (incl. bias) :     2791
 
 Creating a new Ti network
 
 Number of layers :   4
 
 Number of nodes (without bias) 
 and activation type per layer :
 
       1 :    60
       2 :    30  hyperbolic tangent (tanh)
       3 :    30  hyperbolic tangent (tanh)
       4 :     1  linear function (linear)
 
 Required memory (words) :     480643 (   3755.02 KB)
 
 Total number of weights (incl. bias) :     2791
 
 ----------------------------------------------------------------------
                            Storing networks                           
 ----------------------------------------------------------------------
 
 Saving the O network to file : O.30t-30t.nn
 Saving the Ti network to file : Ti.30t-30t.nn
 
 ----------------------------------------------------------------------
                           Training set info.                          
 ----------------------------------------------------------------------
 
 Training set file                   : TiO2.train.scaled
 Number of structures in the data set: 7707
 
 Atomic species in training set      : 2
   Species : O Ti
 
 Average energy (eV/atom) : -0.848934
 Minimum energy (eV/atom) : -1.000000
 Maximum energy (eV/atom) : 0.974678
 
 The input and output values have been normalized to [-1.0, 1.0].
 Structures outside of this interval will not be used for training.
   Energy scaling factor: 0.208959
   Atomic energy shift  : -3.785636
 
 ----------------------------------------------------------------------
                            Training details                           
 ----------------------------------------------------------------------
 
 Training method         : Limited Memory BFGS
 
 Number of iterations    : 5000
 
 Training structures     : 6937
 Testing  structures     : 770
 
 Testing set : 
 
      16       25       28       46       56       68       85       99 
     107      127      128      129      141      143      145      150 
     157      159      161      167      184      190      198      199 
     207      213      214      226      228      247      260      265 
     270      276      294      305      309      312      317      327 
     334      350      353      354      358      363      364      372 
     377      386      393      427      433      439      480      486 
     488      495      538      550      551      585      587      589 
     596      602      624      628      650      679      698      701 
     725      729      732      743      745      759      791      796 
     798      799      815      826      843      849      858      869 
     870      873      877      879      884      886      889      890 
     891      904      919      940      946      947      952      954 
     965      966      975      977     1003     1005     1007     1013 
    1016     1021     1037     1039     1066     1068     1069     1096 
    1106     1123     1140     1143     1155     1168     1192     1196 
    1206     1216     1234     1238     1247     1258     1288     1291 
    1297     1308     1324     1340     1342     1344     1349     1367 
    1409     1415     1428     1432     1436     1438     1443     1449 
    1450     1466     1468     1478     1501     1511     1517     1550 
    1553     1576     1585     1599     1608     1619     1639     1646 
    1656     1662     1669     1690     1702     1703     1709     1738 
    1745     1754     1756     1758     1765     1777     1801     1812 
    1825     1828     1861     1876     1882     1889     1904     1938 
    1976     1980     1989     1991     2002     2013     2020     2028 
    2053     2071     2080     2081     2087     2103     2106     2115 
    2119     2139     2144     2148     2151     2156     2164     2167 
    2169     2178     2190     2193     2213     2222     2228     2243 
    2261     2264     2266     2276     2301     2308     2315     2331 
    2332     2333     2344     2363     2368     2383     2386     2392 
    2414     2421     2433     2436     2470     2494     2510     2519 
    2523     2540     2555     2573     2578     2590     2591     2598 
    2602     2604     2609     2614     2636     2645     2648     2650 
    2676     2703     2708     2709     2720     2728     2736     2740 
    2746     2771     2803     2808     2820     2828     2833     2846 
    2847     2850     2851     2855     2857     2863     2864     2867 
    2891     2910     2932     2952     2963     2967     2986     2989 
    2995     2998     3006     3011     3018     3021     3025     3027 
    3028     3029     3035     3041     3056     3057     3070     3075 
    3079     3087     3090     3095     3104     3109     3112     3118 
    3119     3122     3135     3148     3156     3164     3166     3168 
    3169     3186     3199     3201     3205     3207     3209     3212 
    3213     3215     3238     3244     3250     3254     3260     3267 
    3268     3279     3334     3340     3342     3356     3365     3369 
    3373     3387     3398     3409     3415     3425     3451     3463 
    3467     3472     3487     3491     3527     3550     3555     3556 
    3562     3567     3570     3590     3595     3600     3607     3629 
    3634     3637     3666     3677     3680     3715     3720     3740 
    3743     3760     3779     3780     3788     3812     3813     3819 
    3821     3830     3836     3845     3878     3891     3893     3896 
    3898     3899     3905     3921     3928     3946     3958     3977 
    4015     4038     4044     4045     4053     4055     4070     4091 
    4102     4109     4115     4130     4132     4151     4166     4183 
    4193     4196     4203     4223     4224     4244     4253     4256 
    4257     4274     4277     4294     4296     4314     4318     4320 
    4323     4341     4343     4375     4383     4388     4401     4404 
    4425     4452     4466     4472     4506     4520     4549     4550 
    4566     4585     4586     4611     4635     4637     4647     4654 
    4685     4701     4704     4705     4711     4713     4719     4727 
    4740     4765     4792     4806     4808     4809     4811     4821 
    4822     4823     4844     4851     4859     4874     4882     4887 
    4889     4899     4912     4919     4935     4939     4947     4961 
    4980     4982     5001     5002     5008     5012     5025     5046 
    5048     5086     5091     5094     5103     5107     5129     5136 
    5139     5144     5150     5174     5178     5182     5183     5196 
    5197     5217     5218     5221     5225     5228     5236     5239 
    5246     5285     5286     5304     5305     5322     5334     5350 
    5351     5357     5359     5363     5375     5384     5406     5437 
    5447     5450     5466     5471     5485     5500     5504     5538 
    5539     5543     5547     5553     5561     5566     5572     5590 
    5610     5645     5654     5661     5666     5670     5676     5698 
    5704     5705     5710     5714     5749     5783     5793     5801 
    5814     5815     5837     5846     5855     5858     5866     5878 
    5894     5906     5908     5930     5935     5936     5946     5975 
    5977     5982     5988     5992     6018     6020     6022     6032 
    6038     6041     6046     6063     6065     6089     6092     6100 
    6106     6110     6124     6131     6139     6140     6148     6153 
    6155     6156     6180     6183     6184     6188     6210     6214 
    6221     6222     6235     6236     6240     6253     6263     6287 
    6289     6296     6305     6311     6319     6322     6326     6334 
    6349     6366     6373     6381     6402     6441     6443     6448 
    6451     6454     6461     6474     6482     6493     6496     6505 
    6520     6523     6528     6555     6574     6577     6582     6583 
    6602     6627     6631     6648     6655     6674     6681     6701 
    6704     6729     6753     6760     6771     6780     6793     6800 
    6827     6830     6847     6852     6875     6881     6884     6899 
    6918     6925     6930     6948     6968     6969     6973     6981 
    6992     6994     6995     6996     6999     7000     7015     7032 
    7034     7035     7056     7073     7080     7096     7097     7099 
    7101     7118     7139     7145     7152     7162     7163     7167 
    7181     7184     7196     7198     7201     7219     7225     7231 
    7240     7252     7262     7307     7313     7327     7334     7344 
    7345     7347     7351     7373     7380     7384     7386     7399 
    7409     7426     7438     7440     7459     7470     7471     7473 
    7478     7482     7483     7491     7493     7494     7541     7559 
    7560     7561     7571     7580     7581     7585     7588     7597 
    7599     7602 
 
 ----------------------------------------------------------------------
                        Static work load balance                       
 ----------------------------------------------------------------------
 
 Number of atoms on the different processes
 
    0  :      6853
    1  :      6878
    2  :      6878
    3  :      6918
    4  :      6872
    5  :      6855
    6  :      6871
    7  :      6871
    8  :      6871
    9  :      6871
   10  :      6822
   11  :      6822
   12  :      6822
   13  :      6853
   14  :      6853
   15  :      6853
   16  :      6854
   17  :      6850
   18  :      6851
   19  :      6852
   20  :      6852
   21  :      6853
   22  :      6853
   23  :      6853
 
 ----------------------------------------------------------------------
                            Training process                           
 ----------------------------------------------------------------------
 
 Weight optimization for 5000 epochs using the Limited Memory BFGS method.
 
 Sampling type               : sequential
 
        |------------TRAIN-----------|  |------------TEST------------|
 epoch             MAE          <RMSE>             MAE          <RMSE>
     0    4.965468E+00    5.108405E+00    4.939989E+00    5.063064E+00 <
     1    4.965468E+00    5.108405E+00    4.939989E+00    5.063064E+00 <
     2    1.445782E+00    1.770160E+00    1.432415E+00    1.703137E+00 <
     3    9.484547E-01    1.287247E+00    9.335524E-01    1.240126E+00 <
     4    4.984736E-01    8.464692E-01    4.721044E-01    7.485156E-01 <
     5    4.518800E-01    7.988558E-01    4.213317E-01    6.969867E-01 <
     6    4.163679E-01    7.272783E-01    3.920794E-01    6.344284E-01 <
     7    3.746751E-01    6.370435E-01    3.528724E-01    5.623977E-01 <
     8    3.093728E-01    5.144713E-01    2.785440E-01    4.590762E-01 <
     9    2.831724E-01    4.450054E-01    2.560051E-01    4.022563E-01 <
    10    2.576410E-01    4.087647E-01    2.359989E-01    3.690701E-01 <
    11    2.313227E-01    3.683981E-01    2.118405E-01    3.325160E-01 <
    12    2.115422E-01    3.315367E-01    1.916988E-01    3.009189E-01 <
    13    1.775425E-01    2.786118E-01    1.648482E-01    2.577863E-01 <
    14    1.844516E-01    2.676389E-01    1.779637E-01    2.516625E-01 <
    15    1.528561E-01    2.425510E-01    1.433212E-01    2.255912E-01 <
    16    1.490737E-01    2.384678E-01    1.393808E-01    2.212940E-01 <
    17    1.434951E-01    2.291802E-01    1.334151E-01    2.109181E-01 <
    18    1.379206E-01    2.151868E-01    1.284666E-01    1.977557E-01 <
    19    1.299979E-01    1.974655E-01    1.209776E-01    1.817547E-01 <
    20    1.235404E-01    1.870911E-01    1.161104E-01    1.745846E-01 <
    21    1.186172E-01    1.805151E-01    1.122528E-01    1.695552E-01 <
    22    1.152007E-01    1.746922E-01    1.091799E-01    1.643124E-01 <
    23    1.112507E-01    1.679717E-01    1.053974E-01    1.576938E-01 <
    24    1.088199E-01    1.604162E-01    1.022610E-01    1.507258E-01 <
    25    1.055111E-01    1.539306E-01    9.972101E-02    1.447031E-01 <
    26    1.003520E-01    1.442291E-01    9.721876E-02    1.378010E-01 <
    27    9.713338E-02    1.381618E-01    9.443329E-02    1.309933E-01 <
    28    9.427094E-02    1.321906E-01    9.355422E-02    1.277809E-01 <
    29    9.127677E-02    1.277869E-01    9.107405E-02    1.235020E-01 <
    30    8.607108E-02    1.219959E-01    8.593515E-02    1.167562E-01 <
    31    8.277149E-02    1.166780E-01    8.170861E-02    1.110433E-01 <
    32    7.853869E-02    1.117954E-01    7.733709E-02    1.060807E-01 <
    33    7.711380E-02    1.096935E-01    7.657619E-02    1.052942E-01 <
    34    7.637844E-02    1.083688E-01    7.618663E-02    1.052837E-01 <
    35    7.541183E-02    1.068503E-01    7.546690E-02    1.045199E-01 <
    36    7.256679E-02    1.011719E-01    7.283104E-02    1.008306E-01 <
    37    7.750210E-02    1.048236E-01    8.088221E-02    1.055597E-01 <
    38    7.059995E-02    9.928818E-02    7.212327E-02    9.957418E-02 <
    39    6.917100E-02    9.771999E-02    7.037080E-02    9.763699E-02 <
    40    6.734469E-02    9.572152E-02    6.792339E-02    9.477920E-02 <
    41    6.512784E-02    9.247512E-02    6.575946E-02    9.123417E-02 <
    42    6.731141E-02    9.264704E-02    6.400007E-02    8.931068E-02 <
    43    6.474798E-02    9.117021E-02    6.365415E-02    8.898748E-02 <
    44    6.387265E-02    8.989317E-02    6.305893E-02    8.794362E-02 <
    45    6.351155E-02    8.920671E-02    6.284720E-02    8.747563E-02 <
    46    6.230199E-02    8.701100E-02    6.231568E-02    8.578398E-02 <
    47    6.038708E-02    8.455770E-02    6.159164E-02    8.361393E-02 <
    48    5.886062E-02    8.236680E-02    5.966709E-02    8.158235E-02 <
    49    5.754357E-02    8.127985E-02    5.838988E-02    8.056338E-02 <
    50    5.611436E-02    7.995523E-02    5.706205E-02    7.937850E-02 <
    51    5.477020E-02    7.829732E-02    5.596541E-02    7.785232E-02 <
    52    5.489049E-02    7.756593E-02    5.579369E-02    7.731005E-02 <
    53    5.391633E-02    7.624185E-02    5.519593E-02    7.614583E-02 <
    54    5.344833E-02    7.549936E-02    5.491959E-02    7.557674E-02 <
    55    5.285307E-02    7.452012E-02    5.453012E-02    7.488441E-02 <
    56    5.140944E-02    7.250131E-02    5.360556E-02    7.370228E-02 <
    57    6.049200E-02    7.995368E-02    6.062890E-02    7.931583E-02 <
    58    5.136237E-02    7.179220E-02    5.337043E-02    7.287847E-02 <
    59    4.960720E-02    6.978953E-02    5.166348E-02    7.177489E-02 <
    60    4.841642E-02    6.844391E-02    5.051282E-02    7.115535E-02 <
    61    4.723659E-02    6.710479E-02    4.956497E-02    7.035824E-02 <
    62    4.613941E-02    6.590446E-02    4.891529E-02    6.957467E-02 <
    63    4.859994E-02    6.778489E-02    5.113926E-02    7.252022E-02 <
    64    4.563396E-02    6.531059E-02    4.841924E-02    6.949303E-02 <
    65    4.494665E-02    6.447036E-02    4.799761E-02    6.881423E-02 <
    66    4.463287E-02    6.390965E-02    4.781079E-02    6.852846E-02 <
    67    4.445885E-02    6.362129E-02    4.747994E-02    6.823141E-02 <
    68    4.421295E-02    6.326925E-02    4.720901E-02    6.798592E-02 <
    69    4.360299E-02    6.227385E-02    4.650922E-02    6.714002E-02 <
    70    4.293683E-02    6.125850E-02    4.578313E-02    6.599333E-02 <
    71    4.582780E-02    6.449797E-02    4.889865E-02    6.932366E-02 <
    72    4.268353E-02    6.091536E-02    4.544684E-02    6.578805E-02 <
    73    4.201791E-02    6.010078E-02    4.481584E-02    6.444731E-02 <
    74    4.151407E-02    5.954160E-02    4.434181E-02    6.357476E-02 <
    75    4.083538E-02    5.881454E-02    4.363676E-02    6.254057E-02 <
    76    4.028894E-02    5.813510E-02    4.311964E-02    6.176432E-02 <
    77    3.933867E-02    5.686066E-02    4.196653E-02    6.022215E-02 <
    78    4.049124E-02    5.773738E-02    4.280265E-02    6.112168E-02 <
    79    3.882188E-02    5.617922E-02    4.140458E-02    5.956083E-02 <
    80    3.805165E-02    5.517293E-02    4.053081E-02    5.850772E-02 <
    81    3.752334E-02    5.439049E-02    3.995320E-02    5.773414E-02 <
    82    3.704410E-02    5.348058E-02    3.941986E-02    5.685945E-02 <
    83    3.665986E-02    5.250221E-02    3.867492E-02    5.545075E-02 <
    84    3.655613E-02    5.195803E-02    3.852730E-02    5.483226E-02 <
    85    3.608261E-02    5.150450E-02    3.797916E-02    5.449059E-02 <
    86    3.579881E-02    5.120708E-02    3.771570E-02    5.430182E-02 <
    87    3.550259E-02    5.081263E-02    3.748162E-02    5.398238E-02 <
    88    3.522185E-02    5.001685E-02    3.712242E-02    5.299385E-02 <
    89    3.480545E-02    4.943075E-02    3.730036E-02    5.245340E-02 <
    90    3.435039E-02    4.894627E-02    3.672251E-02    5.186812E-02 <
    91    3.413151E-02    4.868186E-02    3.645841E-02    5.151571E-02 <
    92    3.406300E-02    4.849590E-02    3.638101E-02    5.119068E-02 <
    93    3.376529E-02    4.820344E-02    3.613404E-02    5.093371E-02 <
    94    3.289100E-02    4.724191E-02    3.546669E-02    5.010262E-02 <
    95    3.339829E-02    4.763762E-02    3.584882E-02    5.076539E-02 <
    96    3.274046E-02    4.704385E-02    3.531064E-02    5.004464E-02 <
    97    3.249685E-02    4.672661E-02    3.501909E-02    4.972516E-02 <
    98    3.228604E-02    4.641437E-02    3.473304E-02    4.940371E-02 <
    99    3.206423E-02    4.609082E-02    3.441968E-02    4.911601E-02 <
   100    3.175243E-02    4.558695E-02    3.408339E-02    4.877453E-02 <
   101    3.131925E-02    4.496876E-02    3.356964E-02    4.825877E-02 <
   102    3.289223E-02    4.596435E-02    3.544930E-02    5.027360E-02 <
   103    3.129563E-02    4.475190E-02    3.371749E-02    4.841744E-02 <
   104    3.096940E-02    4.442279E-02    3.340765E-02    4.816466E-02 <
   105    3.072693E-02    4.412471E-02    3.324205E-02    4.795706E-02 <
   106    3.045103E-02    4.369846E-02    3.312164E-02    4.773174E-02 <
   107    3.014097E-02    4.324266E-02    3.270329E-02    4.728421E-02 <
   108    2.989138E-02    4.285053E-02    3.256920E-02    4.726660E-02 <
   109    2.967007E-02    4.258380E-02    3.230131E-02    4.702019E-02 <
   110    2.938653E-02    4.223668E-02    3.195876E-02    4.672329E-02 <
   111    2.918187E-02    4.189918E-02    3.174285E-02    4.647340E-02 <
   112    2.905688E-02    4.153712E-02    3.156123E-02    4.603897E-02 <
   113    2.866781E-02    4.107700E-02    3.121829E-02    4.569579E-02 <
   114    2.849641E-02    4.093910E-02    3.115351E-02    4.556161E-02 <
   115    2.829501E-02    4.073524E-02    3.093266E-02    4.513068E-02 <
   116    2.922370E-02    4.134454E-02    3.139411E-02    4.544712E-02 <
   117    2.824390E-02    4.061864E-02    3.081737E-02    4.496736E-02 <
   118    2.817054E-02    4.047860E-02    3.062134E-02    4.466746E-02 <
   119    2.804701E-02    4.019552E-02    3.019976E-02    4.400859E-02 <
   120    2.793128E-02    4.002820E-02    2.991299E-02    4.369387E-02 <
   121    2.842660E-02    4.013442E-02    3.040795E-02    4.327954E-02 <
   122    2.793850E-02    3.986302E-02    2.988627E-02    4.331748E-02 <
   123    2.771168E-02    3.958221E-02    2.951244E-02    4.303916E-02 <
   124    2.756913E-02    3.936729E-02    2.950756E-02    4.300268E-02 <
   125    2.744615E-02    3.916639E-02    2.957730E-02    4.303243E-02 <
   126    2.727102E-02    3.882833E-02    2.956034E-02    4.301238E-02 <
   127    2.712339E-02    3.837894E-02    2.941423E-02    4.297215E-02 <
   128    2.894100E-02    3.983583E-02    3.034325E-02    4.352316E-02 <
   129    2.710009E-02    3.827985E-02    2.917128E-02    4.274100E-02 <
   130    2.697937E-02    3.800753E-02    2.902362E-02    4.272728E-02 <
   131    2.679089E-02    3.777974E-02    2.884357E-02    4.262798E-02 <
   132    2.646248E-02    3.741230E-02    2.846639E-02    4.237742E-02 <
   133    2.639843E-02    3.721517E-02    2.828643E-02    4.212172E-02 <
   134    2.607793E-02    3.684853E-02    2.796048E-02    4.171397E-02 <
   135    2.584947E-02    3.651496E-02    2.769107E-02    4.126098E-02 <
   136    2.571568E-02    3.624162E-02    2.760280E-02    4.085996E-02 <
   137    2.550991E-02    3.585094E-02    2.732008E-02    4.038102E-02 <
   138    2.730086E-02    3.724287E-02    2.867487E-02    4.143156E-02 <
   139    2.551248E-02    3.573611E-02    2.727208E-02    4.026068E-02 <
   140    2.530907E-02    3.536066E-02    2.693556E-02    3.985998E-02 <
   141    2.518506E-02    3.521517E-02    2.678868E-02    3.982990E-02 <
   142    2.498495E-02    3.511744E-02    2.665108E-02    3.991736E-02 <
   143    2.493543E-02    3.497568E-02    2.655855E-02    3.986257E-02 <
   144    2.486927E-02    3.490815E-02    2.652233E-02    3.981529E-02 <
   145    2.473746E-02    3.471981E-02    2.646638E-02    3.964312E-02 <
   146    2.470244E-02    3.464227E-02    2.642182E-02    3.969625E-02 <
   147    2.457197E-02    3.447013E-02    2.633795E-02    3.945503E-02 <
   148    2.446301E-02    3.431276E-02    2.625248E-02    3.921962E-02 <
   149    2.436458E-02    3.420772E-02    2.614212E-02    3.905936E-02 <
   150    2.418055E-02    3.401388E-02    2.598771E-02    3.879601E-02 <
   151    2.384546E-02    3.363504E-02    2.570637E-02    3.826931E-02 <
   152    2.378334E-02    3.342928E-02    2.588303E-02    3.807352E-02 <
   153    2.359906E-02    3.320588E-02    2.549362E-02    3.757978E-02 <
   154    2.340342E-02    3.301435E-02    2.538015E-02    3.753031E-02 <
   155    2.317022E-02    3.273992E-02    2.532945E-02    3.740234E-02 <
   156    2.288439E-02    3.238469E-02    2.515064E-02    3.700787E-02 <
   157    2.282087E-02    3.213221E-02    2.529262E-02    3.666042E-02 <
   158    2.252760E-02    3.179294E-02    2.477639E-02    3.612029E-02 <
   159    2.237102E-02    3.160058E-02    2.454825E-02    3.596558E-02 <
   160    2.219417E-02    3.130828E-02    2.432662E-02    3.578970E-02 <
   161    2.218119E-02    3.114972E-02    2.439200E-02    3.581440E-02 <
   162    2.204233E-02    3.093163E-02    2.431897E-02    3.574854E-02 <
   163    2.198355E-02    3.081709E-02    2.433681E-02    3.572825E-02 <
   164    2.192194E-02    3.070952E-02    2.432488E-02    3.569988E-02 <
   165    2.180989E-02    3.052582E-02    2.423699E-02    3.556573E-02 <
   166    2.161880E-02    3.023840E-02    2.399993E-02    3.524738E-02 <
   167    2.215832E-02    3.051399E-02    2.424755E-02    3.535271E-02 <
   168    2.158661E-02    3.010377E-02    2.386186E-02    3.507540E-02 <
   169    2.144560E-02    2.996321E-02    2.364926E-02    3.486799E-02 <
   170    2.124955E-02    2.976849E-02    2.339043E-02    3.452897E-02 <
   171    2.120592E-02    2.974814E-02    2.318154E-02    3.420609E-02 <
   172    2.110545E-02    2.962674E-02    2.320087E-02    3.422913E-02 <
   173    2.104229E-02    2.953002E-02    2.323013E-02    3.422933E-02 <
   174    2.098815E-02    2.943602E-02    2.323893E-02    3.418889E-02 <
   175    2.090899E-02    2.928197E-02    2.317543E-02    3.407697E-02 <
   176    2.080637E-02    2.907155E-02    2.330009E-02    3.413218E-02 <
   177    2.062766E-02    2.887566E-02    2.295118E-02    3.369131E-02 <
   178    2.051510E-02    2.876979E-02    2.278905E-02    3.356330E-02 <
   179    2.040361E-02    2.864372E-02    2.264220E-02    3.347528E-02 <
   180    2.034402E-02    2.846970E-02    2.259292E-02    3.330842E-02 <
   181    2.014000E-02    2.824698E-02    2.243822E-02    3.312000E-02 <
   182    1.997107E-02    2.800103E-02    2.233161E-02    3.290941E-02 <
   183    1.986103E-02    2.783511E-02    2.218220E-02    3.262644E-02 <
   184    2.031637E-02    2.813070E-02    2.256215E-02    3.276402E-02 <
   185    1.982361E-02    2.775871E-02    2.215571E-02    3.253117E-02 <
   186    1.969728E-02    2.763384E-02    2.196273E-02    3.224388E-02 <
   187    1.957924E-02    2.752098E-02    2.182074E-02    3.204616E-02 <
   188    1.936309E-02    2.729551E-02    2.156480E-02    3.170856E-02 <
   189    1.922123E-02    2.706093E-02    2.133874E-02    3.137847E-02 <
   190    1.911255E-02    2.687263E-02    2.099419E-02    3.093123E-02 <
   191    1.913183E-02    2.681272E-02    2.087467E-02    3.075881E-02 <
   192    1.887754E-02    2.659712E-02    2.079063E-02    3.066431E-02 <
   193    1.882411E-02    2.652871E-02    2.076290E-02    3.056182E-02 <
   194    1.872755E-02    2.639717E-02    2.064402E-02    3.030204E-02 <
   195    1.932066E-02    2.685780E-02    2.105433E-02    3.029481E-02 <
   196    1.871123E-02    2.635109E-02    2.057253E-02    3.017243E-02 <
   197    1.859531E-02    2.623453E-02    2.039481E-02    2.996391E-02 <
   198    1.844025E-02    2.604541E-02    2.020991E-02    2.982196E-02 <
   199    1.835129E-02    2.593097E-02    2.013202E-02    2.983051E-02 <
   200    1.821898E-02    2.578482E-02    2.009024E-02    2.988045E-02 <
   201    1.816081E-02    2.563972E-02    2.014394E-02    3.003203E-02 <
   202    1.797466E-02    2.543162E-02    2.008512E-02    3.014043E-02 <
   203    1.779278E-02    2.527876E-02    1.983243E-02    2.979916E-02 <
   204    1.773472E-02    2.519318E-02    1.979515E-02    2.969273E-02 <
   205    1.767053E-02    2.509134E-02    1.971107E-02    2.956233E-02 <
   206    1.755823E-02    2.494291E-02    1.952875E-02    2.936763E-02 <
   207    1.734971E-02    2.470436E-02    1.922128E-02    2.915965E-02 <
   208    1.814317E-02    2.537910E-02    1.971745E-02    2.962194E-02 <
   209    1.729048E-02    2.464349E-02    1.909540E-02    2.909373E-02 <
   210    1.716400E-02    2.452992E-02    1.895484E-02    2.903826E-02 <
   211    1.708775E-02    2.444320E-02    1.884902E-02    2.898126E-02 <
   212    1.705010E-02    2.437842E-02    1.881335E-02    2.893416E-02 <
   213    1.697355E-02    2.424210E-02    1.875170E-02    2.878488E-02 <
   214    1.687979E-02    2.408641E-02    1.866117E-02    2.856843E-02 <
   215    1.751443E-02    2.457324E-02    1.945199E-02    2.896914E-02 <
   216    1.685426E-02    2.404443E-02    1.868758E-02    2.853072E-02 <
   217    1.678867E-02    2.397262E-02    1.863890E-02    2.842346E-02 <
   218    1.673293E-02    2.392875E-02    1.860840E-02    2.836333E-02 <
   219    1.667726E-02    2.388014E-02    1.854582E-02    2.826410E-02 <
   220    1.664314E-02    2.383445E-02    1.852439E-02    2.819581E-02 <
   221    1.657782E-02    2.376813E-02    1.837286E-02    2.803235E-02 <
   222    1.652825E-02    2.369823E-02    1.822014E-02    2.788109E-02 <
   223    1.646019E-02    2.361060E-02    1.806215E-02    2.770920E-02 <
   224    1.639462E-02    2.350522E-02    1.797400E-02    2.756919E-02 <
   225    1.631577E-02    2.336932E-02    1.793257E-02    2.744233E-02 <
   226    1.637560E-02    2.328856E-02    1.800707E-02    2.744049E-02 <
   227    1.622945E-02    2.317255E-02    1.786053E-02    2.722421E-02 <
   228    1.616474E-02    2.311770E-02    1.782775E-02    2.720784E-02 <
   229    1.611150E-02    2.304158E-02    1.776797E-02    2.715972E-02 <
   230    1.601208E-02    2.288641E-02    1.762423E-02    2.713387E-02 <
   231    1.600102E-02    2.275919E-02    1.744531E-02    2.695385E-02 <
   232    1.592259E-02    2.263695E-02    1.734030E-02    2.696124E-02 <
   233    1.587923E-02    2.260647E-02    1.733084E-02    2.692521E-02 <
   234    1.582522E-02    2.253705E-02    1.726015E-02    2.687650E-02 <
   235    1.580249E-02    2.250236E-02    1.724800E-02    2.685353E-02 <
   236    1.576075E-02    2.244111E-02    1.724411E-02    2.682812E-02 <
   237    1.570687E-02    2.236291E-02    1.722863E-02    2.678933E-02 <
   238    1.701112E-02    2.354719E-02    1.828634E-02    2.762610E-02 <
   239    1.568391E-02    2.234404E-02    1.716277E-02    2.675197E-02 <
   240    1.565858E-02    2.226662E-02    1.713566E-02    2.671038E-02 <
   241    1.565596E-02    2.219916E-02    1.711934E-02    2.666127E-02 <
   242    1.565541E-02    2.212072E-02    1.708154E-02    2.655740E-02 <
   243    1.563370E-02    2.205697E-02    1.701947E-02    2.644884E-02 <
   244    1.557966E-02    2.192745E-02    1.694274E-02    2.628876E-02 <
   245    1.563647E-02    2.199028E-02    1.690555E-02    2.597385E-02 <
   246    1.551847E-02    2.185621E-02    1.683828E-02    2.607776E-02 <
   247    1.543232E-02    2.179425E-02    1.679854E-02    2.604244E-02 <
   248    1.536599E-02    2.175181E-02    1.678820E-02    2.605107E-02 <
   249    1.531145E-02    2.170158E-02    1.678492E-02    2.606510E-02 <
   250    1.519065E-02    2.156850E-02    1.678380E-02    2.611272E-02 <
   251    1.539838E-02    2.169970E-02    1.680139E-02    2.613999E-02 <
   252    1.517218E-02    2.151183E-02    1.671040E-02    2.604297E-02 <
   253    1.507397E-02    2.139051E-02    1.670038E-02    2.606311E-02 <
   254    1.501371E-02    2.129915E-02    1.662351E-02    2.601812E-02 <
   255    1.497130E-02    2.121837E-02    1.651785E-02    2.590984E-02 <
   256    1.492200E-02    2.111931E-02    1.641513E-02    2.581189E-02 <
   257    1.519738E-02    2.130980E-02    1.646053E-02    2.556166E-02 <
   258    1.489965E-02    2.106701E-02    1.630871E-02    2.564339E-02 <
   259    1.483876E-02    2.096473E-02    1.625046E-02    2.556924E-02 <
   260    1.476100E-02    2.087792E-02    1.622887E-02    2.552607E-02 <
   261    1.476779E-02    2.085180E-02    1.624754E-02    2.548883E-02 <
   262    1.467089E-02    2.078028E-02    1.617240E-02    2.545053E-02 <
   263    1.462241E-02    2.073908E-02    1.614480E-02    2.541912E-02 <
   264    1.456991E-02    2.067896E-02    1.611421E-02    2.536870E-02 <
   265    1.453370E-02    2.064472E-02    1.600404E-02    2.526753E-02 <
   266    1.451554E-02    2.059570E-02    1.602874E-02    2.523301E-02 <
   267    1.450424E-02    2.057189E-02    1.602419E-02    2.521069E-02 <
   268    1.447883E-02    2.053231E-02    1.600760E-02    2.516989E-02 <
   269    1.442671E-02    2.047143E-02    1.599424E-02    2.513598E-02 <
   270    1.438686E-02    2.044591E-02    1.607612E-02    2.505128E-02 <
   271    1.429094E-02    2.035681E-02    1.599283E-02    2.506307E-02 <
   272    1.425574E-02    2.031756E-02    1.598505E-02    2.506474E-02 <
   273    1.421273E-02    2.026949E-02    1.597992E-02    2.504945E-02 <
   274    1.416366E-02    2.021422E-02    1.594888E-02    2.500436E-02 <
   275    1.409132E-02    2.016493E-02    1.599180E-02    2.504850E-02 <
   276    1.404967E-02    2.007681E-02    1.585774E-02    2.487277E-02 <
   277    1.401223E-02    2.002948E-02    1.579562E-02    2.480150E-02 <
   278    1.394483E-02    1.993992E-02    1.570200E-02    2.468940E-02 <
   279    1.388525E-02    1.982810E-02    1.556896E-02    2.453932E-02 <
   280    1.404743E-02    1.997929E-02    1.568976E-02    2.484931E-02 <
   281    1.385652E-02    1.975812E-02    1.551600E-02    2.456006E-02 <
   282    1.379852E-02    1.962746E-02    1.532577E-02    2.438702E-02 <
   283    1.374012E-02    1.954776E-02    1.525721E-02    2.433735E-02 <
   284    1.381061E-02    1.955012E-02    1.521095E-02    2.428760E-02 <
   285    1.371670E-02    1.949414E-02    1.515489E-02    2.426901E-02 <
   286    1.364643E-02    1.943742E-02    1.513892E-02    2.426308E-02 <
   287    1.361795E-02    1.940801E-02    1.512994E-02    2.424550E-02 <
   288    1.357768E-02    1.936422E-02    1.511292E-02    2.420104E-02 <
   289    1.353012E-02    1.931173E-02    1.511078E-02    2.417049E-02 <
   290    1.359116E-02    1.935318E-02    1.519560E-02    2.417288E-02 <
   291    1.350105E-02    1.928143E-02    1.509180E-02    2.413644E-02 <
   292    1.345877E-02    1.923134E-02    1.510834E-02    2.414098E-02 <
   293    1.343451E-02    1.920246E-02    1.513229E-02    2.416181E-02 <
   294    1.339511E-02    1.915544E-02    1.514920E-02    2.419267E-02 <
   295    1.332697E-02    1.906167E-02    1.513413E-02    2.419461E-02 <
   296    1.423079E-02    1.968212E-02    1.613492E-02    2.505851E-02 <
   297    1.333919E-02    1.903353E-02    1.517144E-02    2.424385E-02 <
   298    1.327002E-02    1.894263E-02    1.511653E-02    2.419604E-02 <
   299    1.323455E-02    1.889021E-02    1.505856E-02    2.410547E-02 <
   300    1.321467E-02    1.885242E-02    1.497463E-02    2.398474E-02 <
   301    1.319658E-02    1.881602E-02    1.493171E-02    2.388526E-02 <
   302    1.317139E-02    1.875980E-02    1.477178E-02    2.366013E-02 <
   303    1.312391E-02    1.869123E-02    1.470186E-02    2.355004E-02 <
   304    1.307340E-02    1.860382E-02    1.459841E-02    2.335755E-02 <
   305    1.298319E-02    1.857864E-02    1.455358E-02    2.344117E-02 <
   306    1.291451E-02    1.847771E-02    1.454946E-02    2.339100E-02 <
   307    1.286707E-02    1.841664E-02    1.451823E-02    2.334969E-02 <
   308    1.279942E-02    1.832570E-02    1.451151E-02    2.333481E-02 <
   309    1.275824E-02    1.824860E-02    1.439756E-02    2.324139E-02 <
   310    1.274104E-02    1.818803E-02    1.444828E-02    2.325591E-02 <
   311    1.268285E-02    1.813226E-02    1.435003E-02    2.320663E-02 <
   312    1.264403E-02    1.807981E-02    1.428552E-02    2.317636E-02 <
   313    1.262189E-02    1.803443E-02    1.425154E-02    2.317616E-02 <
   314    1.269189E-02    1.802671E-02    1.427761E-02    2.321523E-02 <
   315    1.261527E-02    1.798999E-02    1.423208E-02    2.316859E-02 <
   316    1.258247E-02    1.792532E-02    1.420969E-02    2.319115E-02 <
   317    1.255562E-02    1.788022E-02    1.421737E-02    2.319733E-02 <
   318    1.252943E-02    1.782795E-02    1.421607E-02    2.317248E-02 <
   319    1.250130E-02    1.777282E-02    1.419741E-02    2.309816E-02 <
   320    1.251559E-02    1.774875E-02    1.421962E-02    2.311159E-02 <
   321    1.244726E-02    1.769059E-02    1.417132E-02    2.304776E-02 <
   322    1.241273E-02    1.766106E-02    1.414845E-02    2.303838E-02 <
   323    1.236353E-02    1.760889E-02    1.413401E-02    2.305503E-02 <
   324    1.230133E-02    1.753575E-02    1.411913E-02    2.308861E-02 <
   325    1.231330E-02    1.754430E-02    1.431690E-02    2.333269E-02 <
   326    1.226169E-02    1.749071E-02    1.417865E-02    2.317405E-02 <
   327    1.222546E-02    1.744427E-02    1.414894E-02    2.315374E-02 <
   328    1.219783E-02    1.740097E-02    1.411821E-02    2.311008E-02 <
   329    1.217270E-02    1.734447E-02    1.407183E-02    2.303097E-02 <
   330    1.212857E-02    1.724251E-02    1.399991E-02    2.289801E-02 <
   331    1.230052E-02    1.728017E-02    1.427778E-02    2.308450E-02 <
   332    1.211178E-02    1.717266E-02    1.404064E-02    2.292538E-02 <
   333    1.203511E-02    1.705189E-02    1.387635E-02    2.274048E-02 <
   334    1.198663E-02    1.699684E-02    1.381136E-02    2.267436E-02 <
   335    1.196783E-02    1.695826E-02    1.377954E-02    2.270024E-02 <
   336    1.193814E-02    1.691843E-02    1.377348E-02    2.269566E-02 <
   337    1.191299E-02    1.687661E-02    1.380095E-02    2.271314E-02 <
   338    1.188987E-02    1.682582E-02    1.385588E-02    2.273432E-02 <
   339    1.184235E-02    1.676177E-02    1.386082E-02    2.273114E-02 <
   340    1.213384E-02    1.691937E-02    1.407282E-02    2.292094E-02 <
   341    1.184245E-02    1.673026E-02    1.384546E-02    2.273243E-02 <
   342    1.178546E-02    1.667072E-02    1.380849E-02    2.271273E-02 <
   343    1.176009E-02    1.664575E-02    1.376775E-02    2.269470E-02 <
   344    1.171708E-02    1.659107E-02    1.369618E-02    2.265519E-02 <
   345    1.167352E-02    1.652418E-02    1.364931E-02    2.266313E-02 <
   346    1.167097E-02    1.651719E-02    1.364654E-02    2.258958E-02 <
   347    1.163011E-02    1.647242E-02    1.359864E-02    2.258840E-02 <
   348    1.162372E-02    1.646345E-02    1.359538E-02    2.258164E-02 <
   349    1.160850E-02    1.643858E-02    1.358003E-02    2.255509E-02 <
   350    1.158398E-02    1.639849E-02    1.353660E-02    2.251892E-02 <
   351    1.155023E-02    1.632174E-02    1.349775E-02    2.251398E-02 <
   352    1.202467E-02    1.668215E-02    1.370264E-02    2.257741E-02 <
   353    1.154216E-02    1.629336E-02    1.344430E-02    2.245465E-02 <
   354    1.150075E-02    1.623221E-02    1.345997E-02    2.248942E-02 <
   355    1.145910E-02    1.618554E-02    1.348077E-02    2.251695E-02 <
   356    1.141421E-02    1.613911E-02    1.349155E-02    2.251998E-02 <
   357    1.138078E-02    1.608760E-02    1.351119E-02    2.252890E-02 <
   358    1.144098E-02    1.611357E-02    1.368869E-02    2.252829E-02 <
   359    1.136725E-02    1.605730E-02    1.353164E-02    2.249983E-02 <
   360    1.133984E-02    1.600691E-02    1.353763E-02    2.249037E-02 <
   361    1.132631E-02    1.596937E-02    1.353026E-02    2.246565E-02 <
   362    1.131711E-02    1.594968E-02    1.351152E-02    2.244497E-02 <
   363    1.130600E-02    1.592239E-02    1.347518E-02    2.239956E-02 <
   364    1.128458E-02    1.588946E-02    1.344167E-02    2.236725E-02 <
   365    1.126152E-02    1.586506E-02    1.344506E-02    2.233915E-02 <
   366    1.124972E-02    1.584075E-02    1.344589E-02    2.230964E-02 <
   367    1.123268E-02    1.580664E-02    1.342601E-02    2.225758E-02 <
   368    1.119313E-02    1.574364E-02    1.335380E-02    2.212787E-02 <
   369    1.116887E-02    1.567008E-02    1.321358E-02    2.199599E-02 <
   370    1.112796E-02    1.563137E-02    1.314993E-02    2.190065E-02 <
   371    1.111230E-02    1.560004E-02    1.312146E-02    2.187599E-02 <
   372    1.107794E-02    1.557510E-02    1.306244E-02    2.180365E-02 <
   373    1.105670E-02    1.554086E-02    1.303372E-02    2.179310E-02 <
   374    1.102194E-02    1.544849E-02    1.292656E-02    2.174754E-02 <
   375    1.105202E-02    1.545978E-02    1.300343E-02    2.183125E-02 <
   376    1.100426E-02    1.542567E-02    1.293143E-02    2.176594E-02 <
   377    1.099641E-02    1.540000E-02    1.290140E-02    2.175511E-02 <
   378    1.097434E-02    1.536961E-02    1.285384E-02    2.173039E-02 <
   379    1.094275E-02    1.533182E-02    1.279735E-02    2.171982E-02 <
   380    1.088831E-02    1.527777E-02    1.273073E-02    2.172234E-02 <
   381    1.079369E-02    1.516794E-02    1.263900E-02    2.174309E-02 <
   382    1.073284E-02    1.508737E-02    1.257894E-02    2.174054E-02 <
   383    1.068086E-02    1.502639E-02    1.257756E-02    2.175938E-02 <
   384    1.066623E-02    1.499810E-02    1.256953E-02    2.172894E-02 <
   385    1.064993E-02    1.495564E-02    1.252100E-02    2.164457E-02 <
   386    1.062498E-02    1.489118E-02    1.242688E-02    2.148112E-02 <
   387    1.090681E-02    1.503586E-02    1.253981E-02    2.139397E-02 <
   388    1.064556E-02    1.486717E-02    1.240771E-02    2.141550E-02 <
   389    1.061495E-02    1.482228E-02    1.232661E-02    2.130231E-02 <
   390    1.059479E-02    1.479123E-02    1.228634E-02    2.124514E-02 <
   391    1.057405E-02    1.476316E-02    1.226041E-02    2.123180E-02 <
   392    1.054385E-02    1.472555E-02    1.228875E-02    2.127290E-02 <
   393    1.051669E-02    1.469106E-02    1.226738E-02    2.131216E-02 <
   394    1.047686E-02    1.464932E-02    1.227773E-02    2.134177E-02 <
   395    1.043202E-02    1.460459E-02    1.228057E-02    2.135904E-02 <
   396    1.040708E-02    1.458506E-02    1.226280E-02    2.129809E-02 <
   397    1.037825E-02    1.454733E-02    1.224199E-02    2.131890E-02 <
   398    1.036199E-02    1.452044E-02    1.221925E-02    2.131266E-02 <
   399    1.034969E-02    1.448804E-02    1.219176E-02    2.128155E-02 <
   400    1.032779E-02    1.443735E-02    1.214336E-02    2.120704E-02 <
   401    1.032188E-02    1.439906E-02    1.211261E-02    2.120885E-02 <
   402    1.026750E-02    1.433606E-02    1.199386E-02    2.107892E-02 <
   403    1.023615E-02    1.430919E-02    1.196267E-02    2.105640E-02 <
   404    1.019326E-02    1.426519E-02    1.192856E-02    2.102921E-02 <
   405    1.016174E-02    1.421819E-02    1.189893E-02    2.100073E-02 <
   406    1.116358E-02    1.517932E-02    1.278349E-02    2.144643E-02 <
   407    1.016251E-02    1.420208E-02    1.186174E-02    2.095925E-02 <
   408    1.013275E-02    1.414907E-02    1.182943E-02    2.092240E-02 <
   409    1.011481E-02    1.411866E-02    1.181621E-02    2.089840E-02 <
   410    1.009482E-02    1.408732E-02    1.180256E-02    2.087271E-02 <
   411    1.007069E-02    1.405611E-02    1.178821E-02    2.086032E-02 <
   412    1.008746E-02    1.404794E-02    1.180791E-02    2.086072E-02 <
   413    1.002371E-02    1.400144E-02    1.175180E-02    2.083918E-02 <
   414    1.000629E-02    1.398565E-02    1.173477E-02    2.083341E-02 <
   415    9.981934E-03    1.395738E-02    1.169833E-02    2.081793E-02 <
   416    9.946867E-03    1.390794E-02    1.165893E-02    2.078129E-02 <
   417    9.919854E-03    1.387665E-02    1.155553E-02    2.071055E-02 <
   418    9.870864E-03    1.381667E-02    1.152564E-02    2.067309E-02 <
   419    9.852041E-03    1.379600E-02    1.150348E-02    2.065513E-02 <
   420    9.837697E-03    1.377831E-02    1.148393E-02    2.063480E-02 <
   421    9.824374E-03    1.375913E-02    1.145836E-02    2.060737E-02 <
   422    9.797619E-03    1.372775E-02    1.141714E-02    2.059242E-02 <
   423    9.779521E-03    1.370479E-02    1.139680E-02    2.052983E-02 <
   424    9.746481E-03    1.367217E-02    1.137828E-02    2.055757E-02 <
   425    9.723324E-03    1.364701E-02    1.136057E-02    2.057083E-02 <
   426    9.714786E-03    1.362890E-02    1.136609E-02    2.061513E-02 <
   427    9.701111E-03    1.360415E-02    1.133354E-02    2.059325E-02 <
   428    9.679295E-03    1.357408E-02    1.129659E-02    2.058053E-02 <
   429    9.660925E-03    1.353299E-02    1.122413E-02    2.052972E-02 <
   430    9.668659E-03    1.353420E-02    1.128552E-02    2.062053E-02 <
   431    9.639059E-03    1.350977E-02    1.121873E-02    2.055896E-02 <
   432    9.623596E-03    1.349615E-02    1.120921E-02    2.055289E-02 <
   433    9.591978E-03    1.346480E-02    1.119654E-02    2.053425E-02 <
   434    9.566705E-03    1.343709E-02    1.119613E-02    2.051870E-02 <
   435    9.527481E-03    1.338994E-02    1.118063E-02    2.049648E-02 <
   436    9.720789E-03    1.353801E-02    1.140852E-02    2.064582E-02 <
   437    9.522409E-03    1.337975E-02    1.117777E-02    2.050123E-02 <
   438    9.496710E-03    1.334542E-02    1.115303E-02    2.048496E-02 <
   439    9.473758E-03    1.331382E-02    1.112574E-02    2.045850E-02 <
   440    9.437109E-03    1.325997E-02    1.109415E-02    2.040887E-02 <
   441    9.430834E-03    1.323041E-02    1.109876E-02    2.037609E-02 <
   442    9.404820E-03    1.319825E-02    1.107398E-02    2.032830E-02 <
   443    9.381523E-03    1.317824E-02    1.106667E-02    2.032329E-02 <
   444    9.350603E-03    1.314983E-02    1.107418E-02    2.030897E-02 <
   445    9.325521E-03    1.312628E-02    1.106943E-02    2.028963E-02 <
   446    9.334722E-03    1.311593E-02    1.112028E-02    2.033691E-02 <
   447    9.271277E-03    1.305728E-02    1.103097E-02    2.024984E-02 <
   448    9.256436E-03    1.304237E-02    1.100099E-02    2.023674E-02 <
   449    9.238988E-03    1.302155E-02    1.095851E-02    2.023259E-02 <
   450    9.222096E-03    1.299338E-02    1.092812E-02    2.023162E-02 <
   451    9.306069E-03    1.303206E-02    1.088784E-02    2.016957E-02 <
   452    9.206207E-03    1.296580E-02    1.086418E-02    2.018229E-02 <
   453    9.184591E-03    1.292518E-02    1.083593E-02    2.017523E-02 <
   454    9.173107E-03    1.290235E-02    1.083319E-02    2.014406E-02 <
   455    9.184391E-03    1.290750E-02    1.084732E-02    2.012735E-02 <
   456    9.163492E-03    1.289104E-02    1.082761E-02    2.012793E-02 <
   457    9.151693E-03    1.287334E-02    1.081564E-02    2.007781E-02 <
   458    9.137049E-03    1.285999E-02    1.080108E-02    2.004850E-02 <
   459    9.116322E-03    1.283971E-02    1.078148E-02    2.001666E-02 <
   460    9.102481E-03    1.282023E-02    1.077361E-02    2.000851E-02 <
   461    9.144386E-03    1.284406E-02    1.079080E-02    2.001760E-02 <
   462    9.090515E-03    1.280671E-02    1.074936E-02    1.999729E-02 <
   463    9.072511E-03    1.277490E-02    1.074393E-02    2.001870E-02 <
   464    9.061587E-03    1.274969E-02    1.074737E-02    2.004366E-02 <
   465    9.054472E-03    1.272520E-02    1.076188E-02    2.006549E-02 <
   466    9.042517E-03    1.270073E-02    1.077783E-02    2.007317E-02 <
   467    9.006137E-03    1.265547E-02    1.078150E-02    2.008521E-02 <
   468    8.976433E-03    1.258685E-02    1.077855E-02    2.015624E-02 <
   469    9.095411E-03    1.271061E-02    1.082958E-02    2.034755E-02 <
   470    8.958367E-03    1.257028E-02    1.074930E-02    2.017796E-02 <
   471    8.934445E-03    1.253623E-02    1.073025E-02    2.019172E-02 <
   472    8.908480E-03    1.251566E-02    1.070814E-02    2.020058E-02 <
   473    8.922957E-03    1.252375E-02    1.065807E-02    2.016682E-02 <
   474    8.900032E-03    1.250580E-02    1.066758E-02    2.017879E-02 <
   475    8.886063E-03    1.249088E-02    1.065257E-02    2.017998E-02 <
   476    8.864117E-03    1.245577E-02    1.061848E-02    2.016870E-02 <
   477    8.842909E-03    1.241427E-02    1.059014E-02    2.014119E-02 <
   478    8.870511E-03    1.240807E-02    1.058274E-02    2.005791E-02 <
   479    8.815426E-03    1.235891E-02    1.053935E-02    2.005168E-02 <
   480    8.801052E-03    1.234233E-02    1.051896E-02    2.003903E-02 <
   481    8.781515E-03    1.231652E-02    1.050115E-02    1.999933E-02 <
   482    8.800727E-03    1.231357E-02    1.051482E-02    1.999078E-02 <
   483    8.758836E-03    1.227671E-02    1.047938E-02    1.994879E-02 <
   484    8.742009E-03    1.225910E-02    1.047295E-02    1.992976E-02 <
   485    8.729375E-03    1.224116E-02    1.047012E-02    1.991316E-02 <
   486    8.710954E-03    1.221852E-02    1.046373E-02    1.989910E-02 <
   487    8.765376E-03    1.224299E-02    1.061557E-02    1.997932E-02 <
   488    8.704629E-03    1.220415E-02    1.049005E-02    1.991512E-02 <
   489    8.673769E-03    1.217322E-02    1.045929E-02    1.989506E-02 <
   490    8.659584E-03    1.215577E-02    1.044594E-02    1.989582E-02 <
   491    8.635827E-03    1.212760E-02    1.043354E-02    1.991221E-02 <
   492    8.612931E-03    1.209068E-02    1.040635E-02    1.994459E-02 <
   493    8.617912E-03    1.206686E-02    1.049263E-02    2.011014E-02 <
   494    8.565684E-03    1.202304E-02    1.043313E-02    2.012976E-02 <
   495    8.550252E-03    1.200902E-02    1.041993E-02    2.011688E-02 <
   496    8.518726E-03    1.197905E-02    1.042040E-02    2.015519E-02 <
   497    8.508631E-03    1.195653E-02    1.040184E-02    2.011101E-02 <
   498    8.477784E-03    1.192216E-02    1.037715E-02    2.011673E-02 <
   499    8.480143E-03    1.191418E-02    1.040243E-02    2.022287E-02 <
   500    8.449364E-03    1.188187E-02    1.033259E-02    2.013983E-02 <
   501    8.441005E-03    1.187163E-02    1.031008E-02    2.011384E-02 <
   502    8.420976E-03    1.184270E-02    1.026127E-02    2.007165E-02 <
   503    8.406575E-03    1.181452E-02    1.023678E-02    2.006282E-02 <
   504    8.383098E-03    1.177281E-02    1.021043E-02    2.003281E-02 <
   505    8.492812E-03    1.183783E-02    1.044715E-02    2.019355E-02 <
   506    8.369536E-03    1.175012E-02    1.022618E-02    2.005981E-02 <
   507    8.347472E-03    1.172770E-02    1.022774E-02    2.006611E-02 <
   508    8.333035E-03    1.171552E-02    1.024590E-02    2.007760E-02 <
   509    8.324941E-03    1.170619E-02    1.027835E-02    2.008769E-02 <
   510    8.306925E-03    1.169193E-02    1.026396E-02    2.007527E-02 <
   511    8.285393E-03    1.167211E-02    1.025161E-02    2.004946E-02 <
   512    8.276443E-03    1.166149E-02    1.024300E-02    2.003467E-02 <
   513    8.259693E-03    1.163852E-02    1.022923E-02    2.000395E-02 <
   514    8.299126E-03    1.166913E-02    1.030446E-02    1.999670E-02 <
   515    8.247633E-03    1.162738E-02    1.023548E-02    1.998882E-02 <
   516    8.236158E-03    1.160476E-02    1.021465E-02    1.994432E-02 <
   517    8.228823E-03    1.159336E-02    1.021480E-02    1.992728E-02 <
   518    8.213279E-03    1.157824E-02    1.019165E-02    1.988744E-02 <
   519    8.204333E-03    1.155931E-02    1.018311E-02    1.987115E-02 <
   520    8.185943E-03    1.153537E-02    1.015215E-02    1.984918E-02 <
   521    8.146987E-03    1.148517E-02    1.007775E-02    1.982153E-02 <
   522    8.120269E-03    1.144820E-02    1.003239E-02    1.984323E-02 <
   523    8.090862E-03    1.139347E-02    1.000416E-02    1.993284E-02 <
   524    8.196624E-03    1.149031E-02    1.011747E-02    2.033636E-02 <
   525    8.078780E-03    1.137441E-02    1.000819E-02    2.002639E-02 <
   526    8.065740E-03    1.134905E-02    1.001136E-02    2.008102E-02 <
   527    8.054996E-03    1.132715E-02    1.001980E-02    2.011887E-02 <
   528    8.041532E-03    1.130191E-02    1.001468E-02    2.012644E-02 <
   529    8.034965E-03    1.125788E-02    1.005421E-02    2.015165E-02 <
   530    8.046890E-03    1.125532E-02    1.001004E-02    2.006696E-02 <
   531    8.021409E-03    1.123614E-02    1.001159E-02    2.009704E-02 <
   532    8.002605E-03    1.120822E-02    9.991599E-03    2.005164E-02 <
   533    7.985786E-03    1.118185E-02    9.971053E-03    1.998355E-02 <
   534    7.977543E-03    1.116230E-02    9.965166E-03    1.992868E-02 <
   535    7.962204E-03    1.113031E-02    9.984323E-03    1.984597E-02 <
   536    8.007208E-03    1.114321E-02    1.006064E-02    1.975652E-02 <
   537    7.961946E-03    1.111580E-02    9.996050E-03    1.979765E-02 <
   538    7.951509E-03    1.110379E-02    1.000045E-02    1.979476E-02 <
   539    7.937208E-03    1.108962E-02    9.998618E-03    1.979334E-02 <
   540    7.931163E-03    1.108509E-02    9.998152E-03    1.980301E-02 <
   541    7.912923E-03    1.106811E-02    9.978609E-03    1.977684E-02 <
   542    7.896801E-03    1.105323E-02    9.958841E-03    1.974981E-02 <
   543    7.876495E-03    1.103606E-02    9.934691E-03    1.972209E-02 <
   544    7.854936E-03    1.101078E-02    9.918984E-03    1.972198E-02 <
   545    7.912539E-03    1.107504E-02    9.899812E-03    1.969864E-02 <
   546    7.836374E-03    1.099734E-02    9.896498E-03    1.969967E-02 <
   547    7.826688E-03    1.097585E-02    9.898996E-03    1.973200E-02 <
   548    7.822640E-03    1.096544E-02    9.900321E-03    1.975068E-02 <
   549    7.815561E-03    1.094847E-02    9.899755E-03    1.976927E-02 <
   550    7.803029E-03    1.092326E-02    9.876618E-03    1.975624E-02 <
   551    7.827111E-03    1.092160E-02    9.910007E-03    1.982451E-02 <
   552    7.799729E-03    1.090589E-02    9.883132E-03    1.978364E-02 <
   553    7.789966E-03    1.088869E-02    9.868692E-03    1.974355E-02 <
   554    7.781767E-03    1.087756E-02    9.857384E-03    1.971617E-02 <
   555    7.769866E-03    1.086210E-02    9.845755E-03    1.969678E-02 <
   556    7.747571E-03    1.083121E-02    9.831381E-03    1.968297E-02 <
   557    7.728518E-03    1.079578E-02    9.785358E-03    1.964310E-02 <
   558    7.732885E-03    1.077188E-02    9.877922E-03    1.968234E-02 <
   559    7.706214E-03    1.075199E-02    9.818401E-03    1.966176E-02 <
   560    7.691018E-03    1.073992E-02    9.788049E-03    1.965289E-02 <
   561    7.675087E-03    1.072527E-02    9.770497E-03    1.963799E-02 <
   562    7.676834E-03    1.071329E-02    9.764076E-03    1.964171E-02 <
   563    7.639666E-03    1.068130E-02    9.750167E-03    1.959190E-02 <
   564    7.631028E-03    1.066745E-02    9.755759E-03    1.957686E-02 <
   565    7.626712E-03    1.065348E-02    9.767571E-03    1.957133E-02 <
   566    7.676757E-03    1.067947E-02    9.804016E-03    1.961865E-02 <
   567    7.626479E-03    1.064723E-02    9.760856E-03    1.957791E-02 <
   568    7.620303E-03    1.063533E-02    9.764440E-03    1.958837E-02 <
   569    7.600819E-03    1.059983E-02    9.768354E-03    1.963363E-02 <
   570    7.589177E-03    1.057438E-02    9.758825E-03    1.967134E-02 <
   571    7.595469E-03    1.056807E-02    9.810384E-03    1.974507E-02 <
   572    7.569528E-03    1.054594E-02    9.767692E-03    1.969263E-02 <
   573    7.559589E-03    1.053675E-02    9.755225E-03    1.966444E-02 <
   574    7.546104E-03    1.052098E-02    9.752495E-03    1.961819E-02 <
   575    7.534805E-03    1.050480E-02    9.752421E-03    1.957298E-02 <
   576    7.577239E-03    1.052203E-02    9.879873E-03    1.960551E-02 <
   577    7.532296E-03    1.049478E-02    9.788081E-03    1.957787E-02 <
   578    7.520379E-03    1.047699E-02    9.779780E-03    1.953580E-02 <
   579    7.509602E-03    1.045947E-02    9.773704E-03    1.951402E-02 <
   580    7.496434E-03    1.043520E-02    9.761289E-03    1.948548E-02 <
   581    7.482446E-03    1.041124E-02    9.740521E-03    1.944728E-02 <
   582    7.476257E-03    1.038891E-02    9.794729E-03    1.947255E-02 <
   583    7.429067E-03    1.034818E-02    9.664426E-03    1.937009E-02 <
   584    7.402948E-03    1.032991E-02    9.651179E-03    1.937530E-02 <
   585    7.372068E-03    1.030343E-02    9.638559E-03    1.938095E-02 <
   586    7.369249E-03    1.029042E-02    9.654410E-03    1.941365E-02 <
   587    7.340763E-03    1.026722E-02    9.638287E-03    1.940636E-02 <
   588    7.320298E-03    1.024212E-02    9.643560E-03    1.941331E-02 <
   589    7.308021E-03    1.021988E-02    9.664915E-03    1.943400E-02 <
   590    7.317883E-03    1.021315E-02    9.695359E-03    1.947265E-02 <
   591    7.295947E-03    1.019709E-02    9.680571E-03    1.945320E-02 <
   592    7.288056E-03    1.019118E-02    9.674020E-03    1.944254E-02 <
   593    7.282089E-03    1.018376E-02    9.674314E-03    1.943142E-02 <
   594    7.273383E-03    1.017070E-02    9.669726E-03    1.940817E-02 <
   595    7.269894E-03    1.014371E-02    9.667157E-03    1.938002E-02 <
   596    7.330804E-03    1.019507E-02    9.678716E-03    1.921468E-02 <
   597    7.265189E-03    1.013432E-02    9.653221E-03    1.932252E-02 <
   598    7.259967E-03    1.012073E-02    9.637450E-03    1.930936E-02 <
   599    7.248832E-03    1.010988E-02    9.618258E-03    1.929373E-02 <
   600    7.239627E-03    1.009904E-02    9.604863E-03    1.928531E-02 <
   601    7.274735E-03    1.012787E-02    9.573872E-03    1.919907E-02 <
   602    7.229112E-03    1.009055E-02    9.577321E-03    1.924953E-02 <
   603    7.216288E-03    1.007383E-02    9.574225E-03    1.924757E-02 <
   604    7.203385E-03    1.005307E-02    9.594482E-03    1.925571E-02 <
   605    7.187668E-03    1.002803E-02    9.626549E-03    1.927523E-02 <
   606    7.166486E-03    9.997350E-03    9.649644E-03    1.930572E-02 <
   607    7.129778E-03    9.955637E-03    9.635826E-03    1.929524E-02 <
   608    7.213164E-03    9.993079E-03    9.790352E-03    1.950751E-02 <
   609    7.128144E-03    9.936741E-03    9.660063E-03    1.935750E-02 <
   610    7.117231E-03    9.923073E-03    9.600308E-03    1.929940E-02 <
   611    7.105493E-03    9.911565E-03    9.596204E-03    1.928430E-02 <
   612    7.093781E-03    9.902982E-03    9.587792E-03    1.925090E-02 <
   613    7.093396E-03    9.892219E-03    9.579654E-03    1.923191E-02 <
   614    7.084389E-03    9.879895E-03    9.567364E-03    1.920672E-02 <
   615    7.068326E-03    9.851825E-03    9.559898E-03    1.917680E-02 <
   616    7.080761E-03    9.869705E-03    9.608798E-03    1.917439E-02 <
   617    7.058952E-03    9.842512E-03    9.562673E-03    1.916783E-02 <
   618    7.046165E-03    9.830872E-03    9.571870E-03    1.915963E-02 <
   619    7.036300E-03    9.819411E-03    9.575624E-03    1.914561E-02 <
   620    7.027268E-03    9.804889E-03    9.575302E-03    1.911683E-02 <
   621    7.015976E-03    9.784500E-03    9.558160E-03    1.906386E-02 <
   622    7.077735E-03    9.827910E-03    9.631118E-03    1.910187E-02 <
   623    7.013902E-03    9.775658E-03    9.568395E-03    1.906556E-02 <
   624    6.999473E-03    9.753709E-03    9.533845E-03    1.900208E-02 <
   625    6.985637E-03    9.737869E-03    9.503664E-03    1.896722E-02 <
   626    6.975936E-03    9.725054E-03    9.482476E-03    1.896069E-02 <
   627    6.964277E-03    9.712093E-03    9.455148E-03    1.895228E-02 <
   628    6.962347E-03    9.697615E-03    9.446567E-03    1.900433E-02 <
   629    6.934653E-03    9.672891E-03    9.387542E-03    1.895197E-02 <
   630    6.907645E-03    9.650392E-03    9.341728E-03    1.890821E-02 <
   631    6.893260E-03    9.636252E-03    9.317518E-03    1.888839E-02 <
   632    6.881250E-03    9.614446E-03    9.303271E-03    1.886437E-02 <
   633    6.861946E-03    9.584205E-03    9.262400E-03    1.877294E-02 <
   634    6.880179E-03    9.563881E-03    9.319859E-03    1.880694E-02 <
   635    6.859833E-03    9.544238E-03    9.269252E-03    1.877798E-02 <
   636    6.847797E-03    9.534358E-03    9.252842E-03    1.876312E-02 <
   637    6.847289E-03    9.525843E-03    9.248426E-03    1.876305E-02 <
   638    6.836930E-03    9.516063E-03    9.227334E-03    1.873958E-02 <
   639    6.827102E-03    9.505258E-03    9.219121E-03    1.874180E-02 <
   640    6.801739E-03    9.479186E-03    9.204944E-03    1.875139E-02 <
   641    6.821022E-03    9.484948E-03    9.211051E-03    1.874697E-02 <
   642    6.801510E-03    9.474915E-03    9.198581E-03    1.874604E-02 <
   643    6.795598E-03    9.468383E-03    9.199680E-03    1.874428E-02 <
   644    6.786091E-03    9.453385E-03    9.207997E-03    1.873444E-02 <
   645    6.783027E-03    9.444860E-03    9.203502E-03    1.872031E-02 <
   646    6.775849E-03    9.428990E-03    9.165657E-03    1.867145E-02 <
   647    6.808568E-03    9.430032E-03    9.221436E-03    1.866516E-02 <
   648    6.782015E-03    9.419015E-03    9.186049E-03    1.866376E-02 <
   649    6.774342E-03    9.410260E-03    9.166757E-03    1.864324E-02 <
   650    6.762012E-03    9.397276E-03    9.143089E-03    1.861296E-02 <
   651    6.749511E-03    9.385319E-03    9.126301E-03    1.858759E-02 <
   652    6.719964E-03    9.355110E-03    9.087785E-03    1.850845E-02 <
   653    6.837848E-03    9.446006E-03    9.170257E-03    1.858131E-02 <
   654    6.715222E-03    9.344582E-03    9.081878E-03    1.851190E-02 <
   655    6.693433E-03    9.318265E-03    9.054178E-03    1.844041E-02 <
   656    6.676315E-03    9.291945E-03    9.027092E-03    1.839038E-02 <
   657    6.653730E-03    9.262094E-03    9.015770E-03    1.836562E-02 <
   658    6.627753E-03    9.229902E-03    9.017123E-03    1.836096E-02 <
   659    6.603593E-03    9.195722E-03    9.061364E-03    1.841672E-02 <
   660    6.616727E-03    9.193452E-03    9.112241E-03    1.844595E-02 <
   661    6.592927E-03    9.178572E-03    9.075557E-03    1.842462E-02 <
   662    6.582673E-03    9.160701E-03    9.043427E-03    1.840538E-02 <
   663    6.579117E-03    9.151044E-03    9.034731E-03    1.840546E-02 <
   664    6.570241E-03    9.141627E-03    9.029866E-03    1.839933E-02 <
   665    6.575645E-03    9.129926E-03    9.018637E-03    1.840954E-02 <
   666    6.562789E-03    9.118179E-03    9.006800E-03    1.840334E-02 <
   667    6.544320E-03    9.096856E-03    8.976701E-03    1.839301E-02 <
   668    6.532744E-03    9.087365E-03    8.964897E-03    1.839155E-02 <
   669    6.516985E-03    9.070103E-03    8.939216E-03    1.838447E-02 <
   670    6.499086E-03    9.047479E-03    8.897167E-03    1.835986E-02 <
   671    6.505749E-03    9.043046E-03    8.918999E-03    1.835316E-02 <
   672    6.484453E-03    9.025084E-03    8.885541E-03    1.833117E-02 <
   673    6.476644E-03    9.019213E-03    8.880722E-03    1.832335E-02 <
   674    6.462613E-03    9.005820E-03    8.869772E-03    1.829797E-02 <
   675    6.445909E-03    8.985207E-03    8.858276E-03    1.828724E-02 <
   676    6.435005E-03    8.960869E-03    8.846832E-03    1.825097E-02 <
   677    6.438949E-03    8.952421E-03    8.855303E-03    1.827590E-02 <
   678    6.428564E-03    8.935834E-03    8.832854E-03    1.824233E-02 <
   679    6.422971E-03    8.923900E-03    8.813911E-03    1.821483E-02 <
   680    6.418522E-03    8.914625E-03    8.802231E-03    1.819085E-02 <
   681    6.407175E-03    8.897127E-03    8.783562E-03    1.814532E-02 <
   682    6.390187E-03    8.868179E-03    8.768240E-03    1.805331E-02 <
   683    6.367444E-03    8.842802E-03    8.742487E-03    1.795791E-02 <
   684    6.354496E-03    8.820736E-03    8.746005E-03    1.788740E-02 <
   685    6.335571E-03    8.802879E-03    8.722059E-03    1.784006E-02 <
   686    6.324418E-03    8.790203E-03    8.717280E-03    1.781941E-02 <
   687    6.314111E-03    8.778961E-03    8.694630E-03    1.781292E-02 <
   688    6.309105E-03    8.768703E-03    8.683749E-03    1.779861E-02 <
   689    6.304088E-03    8.754331E-03    8.673124E-03    1.778786E-02 <
   690    6.294749E-03    8.740035E-03    8.666141E-03    1.777976E-02 <
   691    6.282319E-03    8.722814E-03    8.658788E-03    1.778200E-02 <
   692    6.294515E-03    8.718855E-03    8.659834E-03    1.782612E-02 <
   693    6.262349E-03    8.693629E-03    8.626501E-03    1.780260E-02 <
   694    6.245650E-03    8.683214E-03    8.613523E-03    1.779715E-02 <
   695    6.235572E-03    8.672537E-03    8.596763E-03    1.779467E-02 <
   696    6.225352E-03    8.664436E-03    8.593186E-03    1.779373E-02 <
   697    6.219909E-03    8.654973E-03    8.583868E-03    1.779549E-02 <
   698    6.213196E-03    8.645636E-03    8.575123E-03    1.779886E-02 <
   699    6.204864E-03    8.635807E-03    8.564669E-03    1.780221E-02 <
   700    6.191952E-03    8.620203E-03    8.552286E-03    1.781751E-02 <
   701    6.313675E-03    8.691179E-03    8.585591E-03    1.772030E-02 <
   702    6.193057E-03    8.614943E-03    8.540158E-03    1.778894E-02 <
   703    6.181003E-03    8.603137E-03    8.529698E-03    1.780731E-02 <
   704    6.170694E-03    8.593137E-03    8.513193E-03    1.780398E-02 <
   705    6.147678E-03    8.572558E-03    8.490191E-03    1.779003E-02 <
   706    6.127357E-03    8.553200E-03    8.465767E-03    1.777905E-02 <
   707    6.244693E-03    8.653816E-03    8.602136E-03    1.780984E-02 <
   708    6.122242E-03    8.546941E-03    8.470707E-03    1.777334E-02 <
   709    6.108208E-03    8.530772E-03    8.440055E-03    1.776010E-02 <
   710    6.100859E-03    8.520936E-03    8.420648E-03    1.774821E-02 <
   711    6.095351E-03    8.505698E-03    8.389670E-03    1.771309E-02 <
   712    6.076964E-03    8.491564E-03    8.355221E-03    1.766982E-02 <
   713    6.079684E-03    8.477398E-03    8.332695E-03    1.762748E-02 <
   714    6.065701E-03    8.465730E-03    8.319350E-03    1.759533E-02 <
   715    6.055879E-03    8.456230E-03    8.314238E-03    1.756019E-02 <
   716    6.051660E-03    8.449699E-03    8.310905E-03    1.753868E-02 <
   717    6.041745E-03    8.427546E-03    8.296186E-03    1.746140E-02 <
   718    6.218396E-03    8.558490E-03    8.477161E-03    1.740870E-02 <
   719    6.042121E-03    8.421778E-03    8.294869E-03    1.743799E-02 <
   720    6.033965E-03    8.405007E-03    8.282721E-03    1.739214E-02 <
   721    6.026168E-03    8.388830E-03    8.265014E-03    1.736015E-02 <
   722    6.020376E-03    8.374932E-03    8.251286E-03    1.734915E-02 <
   723    6.006593E-03    8.363987E-03    8.242038E-03    1.733697E-02 <
   724    6.010228E-03    8.353440E-03    8.243293E-03    1.735110E-02 <
   725    6.001995E-03    8.345661E-03    8.240331E-03    1.734693E-02 <
   726    5.993213E-03    8.335837E-03    8.243862E-03    1.734250E-02 <
   727    5.992591E-03    8.330175E-03    8.238566E-03    1.732063E-02 <
   728    5.988795E-03    8.317468E-03    8.230284E-03    1.730178E-02 <
   729    5.996752E-03    8.302937E-03    8.202910E-03    1.722781E-02 <
   730    5.980706E-03    8.289516E-03    8.195874E-03    1.724863E-02 <
   731    5.973293E-03    8.283593E-03    8.190474E-03    1.726186E-02 <
   732    5.968116E-03    8.279848E-03    8.187285E-03    1.726577E-02 <
   733    5.967382E-03    8.277659E-03    8.160905E-03    1.726180E-02 <
   734    5.944848E-03    8.259588E-03    8.148710E-03    1.725724E-02 <
   735    5.938697E-03    8.251557E-03    8.143222E-03    1.724778E-02 <
   736    5.935813E-03    8.243905E-03    8.135269E-03    1.723256E-02 <
   737    5.928059E-03    8.233641E-03    8.123495E-03    1.722144E-02 <
   738    5.967820E-03    8.251828E-03    8.165115E-03    1.726450E-02 <
   739    5.929834E-03    8.227748E-03    8.127315E-03    1.723070E-02 <
   740    5.923064E-03    8.221563E-03    8.118341E-03    1.722426E-02 <
   741    5.915818E-03    8.214861E-03    8.110135E-03    1.722557E-02 <
   742    5.905799E-03    8.203338E-03    8.084594E-03    1.723033E-02 <
   743    5.888208E-03    8.187355E-03    8.057597E-03    1.724811E-02 <
   744    5.883753E-03    8.183050E-03    8.054455E-03    1.724771E-02 <
   745    5.877793E-03    8.177113E-03    8.045357E-03    1.724823E-02 <
   746    5.870135E-03    8.169596E-03    8.033702E-03    1.724641E-02 <
   747    5.856081E-03    8.159427E-03    8.013625E-03    1.723695E-02 <
   748    5.849055E-03    8.148440E-03    7.987685E-03    1.721889E-02 <
   749    5.841140E-03    8.139724E-03    7.980649E-03    1.720542E-02 <
   750    5.827490E-03    8.124557E-03    7.969528E-03    1.717171E-02 <
   751    5.813829E-03    8.110736E-03    7.956650E-03    1.713609E-02 <
   752    5.796005E-03    8.088343E-03    7.970912E-03    1.711323E-02 <
   753    5.788090E-03    8.078613E-03    7.925349E-03    1.701769E-02 <
   754    5.771854E-03    8.064784E-03    7.937393E-03    1.705952E-02 <
   755    5.764811E-03    8.058861E-03    7.942892E-03    1.707899E-02 <
   756    5.758109E-03    8.051816E-03    7.947092E-03    1.708815E-02 <
   757    5.748481E-03    8.038151E-03    7.951151E-03    1.707997E-02 <
   758    5.780946E-03    8.053702E-03    8.000054E-03    1.703934E-02 <
   759    5.744967E-03    8.030265E-03    7.951810E-03    1.705914E-02 <
   760    5.737910E-03    8.011776E-03    7.945811E-03    1.701639E-02 <
   761    5.736187E-03    7.998072E-03    7.935872E-03    1.697108E-02 <
   762    5.731356E-03    7.988201E-03    7.922294E-03    1.692533E-02 <
   763    5.733951E-03    7.982248E-03    7.907623E-03    1.691640E-02 <
   764    5.720814E-03    7.974474E-03    7.893291E-03    1.690958E-02 <
   765    5.706468E-03    7.965582E-03    7.879342E-03    1.692336E-02 <
   766    5.702259E-03    7.965448E-03    7.881670E-03    1.693367E-02 <
   767    5.699349E-03    7.961304E-03    7.877186E-03    1.692655E-02 <
   768    5.695674E-03    7.955627E-03    7.873877E-03    1.693731E-02 <
   769    5.688989E-03    7.940638E-03    7.867985E-03    1.694580E-02 <
   770    5.685773E-03    7.926101E-03    7.862622E-03    1.694137E-02 <
   771    5.683357E-03    7.911190E-03    7.862435E-03    1.693722E-02 <
   772    5.715139E-03    7.928356E-03    7.901517E-03    1.695360E-02 <
   773    5.681544E-03    7.904927E-03    7.860348E-03    1.693774E-02 <
   774    5.675632E-03    7.898666E-03    7.859101E-03    1.693342E-02 <
   775    5.666974E-03    7.892840E-03    7.856856E-03    1.693605E-02 <
   776    5.653304E-03    7.883571E-03    7.851343E-03    1.694882E-02 <
   777    5.637537E-03    7.870256E-03    7.843756E-03    1.697692E-02 <
   778    5.630055E-03    7.869243E-03    7.806224E-03    1.698836E-02 <
   779    5.624449E-03    7.862089E-03    7.816484E-03    1.697959E-02 <
   780    5.615899E-03    7.850353E-03    7.815179E-03    1.701830E-02 <
   781    5.613353E-03    7.842213E-03    7.811182E-03    1.703501E-02 <
   782    5.606119E-03    7.828652E-03    7.801824E-03    1.704065E-02 <
   783    5.603497E-03    7.834317E-03    7.779869E-03    1.708131E-02 <
   784    5.595116E-03    7.821685E-03    7.784014E-03    1.705431E-02 <
   785    5.585720E-03    7.809402E-03    7.774763E-03    1.703478E-02 <
   786    5.577033E-03    7.802893E-03    7.765474E-03    1.701419E-02 <
   787    5.565892E-03    7.793800E-03    7.746829E-03    1.697813E-02 <
   788    5.556854E-03    7.783228E-03    7.725220E-03    1.693640E-02 <
   789    5.535214E-03    7.758937E-03    7.686680E-03    1.687209E-02 <
   790    5.553910E-03    7.763131E-03    7.686629E-03    1.673280E-02 <
   791    5.530689E-03    7.747918E-03    7.678777E-03    1.680226E-02 <
   792    5.531967E-03    7.736001E-03    7.662745E-03    1.679196E-02 <
   793    5.526119E-03    7.726976E-03    7.655401E-03    1.680493E-02 <
   794    5.526363E-03    7.721069E-03    7.655102E-03    1.680966E-02 <
   795    5.517213E-03    7.711471E-03    7.642424E-03    1.682028E-02 <
   796    5.509080E-03    7.701941E-03    7.642963E-03    1.680109E-02 <
   797    5.501156E-03    7.692842E-03    7.640087E-03    1.676614E-02 <
   798    5.499312E-03    7.687825E-03    7.640265E-03    1.673212E-02 <
   799    5.495933E-03    7.683080E-03    7.632806E-03    1.672051E-02 <
   800    5.492480E-03    7.672115E-03    7.619617E-03    1.669428E-02 <
   801    5.489997E-03    7.664346E-03    7.615143E-03    1.667888E-02 <
   802    5.481199E-03    7.647242E-03    7.600770E-03    1.664497E-02 <
   803    5.535171E-03    7.677504E-03    7.672977E-03    1.668920E-02 <
   804    5.481254E-03    7.642802E-03    7.609791E-03    1.665200E-02 <
   805    5.474774E-03    7.631945E-03    7.600286E-03    1.662663E-02 <
   806    5.466856E-03    7.619939E-03    7.593857E-03    1.660817E-02 <
   807    5.454045E-03    7.601987E-03    7.588564E-03    1.656908E-02 <
   808    5.480126E-03    7.617508E-03    7.558669E-03    1.658624E-02 <
   809    5.453260E-03    7.598119E-03    7.571065E-03    1.657063E-02 <
   810    5.444479E-03    7.590013E-03    7.568020E-03    1.654966E-02 <
   811    5.436467E-03    7.582179E-03    7.561627E-03    1.653462E-02 <
   812    5.426730E-03    7.571694E-03    7.550353E-03    1.651938E-02 <
   813    5.417418E-03    7.559890E-03    7.543283E-03    1.651069E-02 <
   814    5.405234E-03    7.540942E-03    7.538360E-03    1.652292E-02 <
   815    5.431954E-03    7.560786E-03    7.611525E-03    1.651878E-02 <
   816    5.397534E-03    7.533956E-03    7.549991E-03    1.651565E-02 <
   817    5.393822E-03    7.521382E-03    7.557092E-03    1.654394E-02 <
   818    5.387889E-03    7.515550E-03    7.556677E-03    1.655572E-02 <
   819    5.378959E-03    7.506305E-03    7.538539E-03    1.653977E-02 <
   820    5.366417E-03    7.499491E-03    7.506700E-03    1.653224E-02 <
   821    5.359671E-03    7.495062E-03    7.493436E-03    1.652041E-02 <
   822    5.353510E-03    7.488844E-03    7.475666E-03    1.650167E-02 <
   823    5.346967E-03    7.481248E-03    7.447436E-03    1.647557E-02 <
   824    5.363990E-03    7.475888E-03    7.399761E-03    1.641574E-02 <
   825    5.341526E-03    7.459950E-03    7.391202E-03    1.642008E-02 <
   826    5.334713E-03    7.451995E-03    7.386679E-03    1.641824E-02 <
   827    5.332603E-03    7.446180E-03    7.381939E-03    1.641100E-02 <
   828    5.326331E-03    7.438274E-03    7.368477E-03    1.639190E-02 <
   829    5.325685E-03    7.429646E-03    7.366777E-03    1.637826E-02 <
   830    5.315215E-03    7.422263E-03    7.357304E-03    1.636867E-02 <
   831    5.306736E-03    7.416283E-03    7.353938E-03    1.636224E-02 <
   832    5.303378E-03    7.412133E-03    7.355772E-03    1.636436E-02 <
   833    5.295722E-03    7.395839E-03    7.387986E-03    1.636954E-02 <
   834    5.304356E-03    7.388537E-03    7.389736E-03    1.636786E-02 <
   835    5.292846E-03    7.376400E-03    7.388249E-03    1.636643E-02 <
   836    5.290290E-03    7.370982E-03    7.390103E-03    1.636284E-02 <
   837    5.287989E-03    7.364760E-03    7.388252E-03    1.635562E-02 <
   838    5.282078E-03    7.354635E-03    7.385651E-03    1.633778E-02 <
   839    5.297513E-03    7.353420E-03    7.372010E-03    1.636216E-02 <
   840    5.277548E-03    7.342584E-03    7.367346E-03    1.634386E-02 <
   841    5.271296E-03    7.338928E-03    7.365314E-03    1.634257E-02 <
   842    5.262076E-03    7.332210E-03    7.357544E-03    1.634537E-02 <
   843    5.256055E-03    7.325992E-03    7.359308E-03    1.634564E-02 <
   844    5.247358E-03    7.317041E-03    7.344830E-03    1.635312E-02 <
   845    5.245781E-03    7.310678E-03    7.334844E-03    1.635502E-02 <
   846    5.244924E-03    7.304987E-03    7.329979E-03    1.635354E-02 <
   847    5.242895E-03    7.298133E-03    7.334917E-03    1.635123E-02 <
   848    5.258094E-03    7.317996E-03    7.369939E-03    1.637513E-02 <
   849    5.236799E-03    7.294390E-03    7.335977E-03    1.635445E-02 <
   850    5.233568E-03    7.287513E-03    7.345703E-03    1.635078E-02 <
   851    5.228811E-03    7.282649E-03    7.350673E-03    1.635376E-02 <
   852    5.223762E-03    7.277823E-03    7.355212E-03    1.635834E-02 <
   853    5.217285E-03    7.273632E-03    7.361316E-03    1.637809E-02 <
